<?xml version="1.0" encoding="UTF-8"?>
<testng-results ignored="0" total="9" passed="9" failed="0" skipped="0">
  <reporter-output>
  </reporter-output>
  <suite started-at="2021-06-20T02:29:33Z" name="Default suite" finished-at="2021-06-20T02:29:53Z" duration-ms="20026">
    <groups>
    </groups>
    <test started-at="2021-06-20T02:29:33Z" name="Default test" finished-at="2021-06-20T02:29:53Z" duration-ms="20026">
      <class name="com.cornerstone.qa.testcases.QuickSearchTest">
        <test-method is-config="true" signature="setUp()[pri:0, instance:com.cornerstone.qa.testcases.QuickSearchTest@1fb19a0]" started-at="2021-06-20T02:29:33Z" name="setUp" finished-at="2021-06-20T02:29:36Z" duration-ms="3186" status="PASS">
          <reporter-output>
          </reporter-output>
        </test-method> <!-- setUp -->
        <test-method signature="verifyTheProductAndAddProductToCartTest()[pri:1, instance:com.cornerstone.qa.testcases.QuickSearchTest@1fb19a0]" started-at="2021-06-20T02:29:36Z" name="verifyTheProductAndAddProductToCartTest" finished-at="2021-06-20T02:29:39Z" duration-ms="2698" status="PASS">
          <reporter-output>
          </reporter-output>
        </test-method> <!-- verifyTheProductAndAddProductToCartTest -->
        <test-method signature="verifyProductTileInTheCartTest()[pri:2, instance:com.cornerstone.qa.testcases.QuickSearchTest@1fb19a0]" started-at="2021-06-20T02:29:39Z" name="verifyProductTileInTheCartTest" finished-at="2021-06-20T02:29:39Z" duration-ms="34" status="PASS">
          <reporter-output>
          </reporter-output>
        </test-method> <!-- verifyProductTileInTheCartTest -->
        <test-method signature="verifyProductQuentyInTheCartTest()[pri:3, instance:com.cornerstone.qa.testcases.QuickSearchTest@1fb19a0]" started-at="2021-06-20T02:29:39Z" name="verifyProductQuentyInTheCartTest" finished-at="2021-06-20T02:29:39Z" duration-ms="39" status="PASS">
          <reporter-output>
          </reporter-output>
        </test-method> <!-- verifyProductQuentyInTheCartTest -->
        <test-method signature="verifyProductPriceTest()[pri:4, instance:com.cornerstone.qa.testcases.QuickSearchTest@1fb19a0]" started-at="2021-06-20T02:29:39Z" name="verifyProductPriceTest" finished-at="2021-06-20T02:29:40Z" duration-ms="1089" status="PASS">
          <reporter-output>
          </reporter-output>
        </test-method> <!-- verifyProductPriceTest -->
        <test-method signature="verifyShippingAddressTest()[pri:5, instance:com.cornerstone.qa.testcases.QuickSearchTest@1fb19a0]" started-at="2021-06-20T02:29:40Z" name="verifyShippingAddressTest" finished-at="2021-06-20T02:29:42Z" duration-ms="2458" status="PASS">
          <reporter-output>
          </reporter-output>
        </test-method> <!-- verifyShippingAddressTest -->
        <test-method signature="verifyShippingPriceTest()[pri:6, instance:com.cornerstone.qa.testcases.QuickSearchTest@1fb19a0]" started-at="2021-06-20T02:29:42Z" name="verifyShippingPriceTest" finished-at="2021-06-20T02:29:45Z" duration-ms="2365" status="PASS">
          <reporter-output>
          </reporter-output>
        </test-method> <!-- verifyShippingPriceTest -->
        <test-method signature="verifyPaymentProcess()[pri:7, instance:com.cornerstone.qa.testcases.QuickSearchTest@1fb19a0]" started-at="2021-06-20T02:29:45Z" name="verifyPaymentProcess" finished-at="2021-06-20T02:29:48Z" duration-ms="3585" status="PASS">
          <reporter-output>
          </reporter-output>
        </test-method> <!-- verifyPaymentProcess -->
        <test-method signature="verifyOrderConformation()[pri:8, instance:com.cornerstone.qa.testcases.QuickSearchTest@1fb19a0]" started-at="2021-06-20T02:29:48Z" name="verifyOrderConformation" finished-at="2021-06-20T02:29:52Z" duration-ms="3765" status="PASS">
          <reporter-output>
          </reporter-output>
        </test-method> <!-- verifyOrderConformation -->
        <test-method signature="verifyProductPriceWithShippingCostTest()[pri:9, instance:com.cornerstone.qa.testcases.QuickSearchTest@1fb19a0]" started-at="2021-06-20T02:29:52Z" name="verifyProductPriceWithShippingCostTest" finished-at="2021-06-20T02:29:52Z" duration-ms="39" status="PASS">
          <reporter-output>
          </reporter-output>
        </test-method> <!-- verifyProductPriceWithShippingCostTest -->
        <test-method is-config="true" signature="tearDown()[pri:0, instance:com.cornerstone.qa.testcases.QuickSearchTest@1fb19a0]" started-at="2021-06-20T02:29:52Z" name="tearDown" finished-at="2021-06-20T02:29:53Z" duration-ms="739" status="PASS">
          <reporter-output>
          </reporter-output>
        </test-method> <!-- tearDown -->
      </class> <!-- com.cornerstone.qa.testcases.QuickSearchTest -->
    </test> <!-- Default test -->
  </suite> <!-- Default suite -->
</testng-results>
